<?xml version="1.0" encoding="UTF-8"?>
<!-- Generated by org.testng.reporters.JUnitReportReporter -->
<testsuite hostname="DESKTOP-7IVDP17" name="com.cucumber.framework.runner.login.LoginRunner" tests="1" failures="0" timestamp="28 Jul 2018 13:08:26 GMT" time="42.897" errors="0">
  <testcase name="feature" time="42.897" classname="com.cucumber.framework.runner.login.LoginRunner"/>
</testsuite> <!-- com.cucumber.framework.runner.login.LoginRunner -->
