<?xml version="1.0" encoding="UTF-8"?>
<!-- Generated by org.testng.reporters.JUnitReportReporter -->
<testsuite hostname="DESKTOP-7IVDP17" name="com.cucumber.framework.runner.Case.Case_mainform" tests="1" failures="0" timestamp="30 Jul 2018 00:59:59 GMT" time="14.532" errors="0">
  <testcase name="feature" time="14.532" classname="com.cucumber.framework.runner.Case.Case_mainform"/>
</testsuite> <!-- com.cucumber.framework.runner.Case.Case_mainform -->
