<?xml version="1.0" encoding="UTF-8"?>
<!-- Generated by org.testng.reporters.JUnitReportReporter -->
<testsuite hostname="DESKTOP-7IVDP17" name="com.cucumber.framework.runner.login.LoginRunner" tests="1" failures="0" timestamp="28 Jul 2018 18:09:15 GMT" time="134.160" errors="0">
  <testcase name="feature" time="134.160" classname="com.cucumber.framework.runner.login.LoginRunner"/>
</testsuite> <!-- com.cucumber.framework.runner.login.LoginRunner -->
