<?xml version="1.0" encoding="UTF-8"?>
<!-- Generated by org.testng.reporters.JUnitReportReporter -->
<testsuite hostname="IPLCEWKS01111" name="com.cucumber.framework.runner.login.LoginRunner" tests="1" failures="0" timestamp="21 Jun 2018 12:42:28 GMT" time="17.272" errors="0">
  <testcase name="feature" time="17.272" classname="com.cucumber.framework.runner.login.LoginRunner"/>
</testsuite> <!-- com.cucumber.framework.runner.login.LoginRunner -->
